<?xml version="1.0" encoding="UTF-8"?>
<!-- Generated by org.testng.reporters.JUnitReportReporter -->
<testsuite skipped="0" hostname="DESKTOP-F32IQAG" name="APItestingRassurt.com.RestAssurtAPITesting.TC001_GET_REQUEST" tests="2" failures="0" timestamp="30 Jun 2020 18:21:42 GMT" time="3.547" errors="0">
  <testcase name="f" time="3.069" classname="APItestingRassurt.com.RestAssurtAPITesting.TC001_GET_REQUEST"/>
  <testcase name="g" time="0.478" classname="APItestingRassurt.com.RestAssurtAPITesting.TC001_GET_REQUEST"/>
</testsuite> <!-- APItestingRassurt.com.RestAssurtAPITesting.TC001_GET_REQUEST -->
